<?xml version="1.0" encoding="UTF-8"?>
<!-- Generated by org.testng.reporters.JUnitReportReporter -->
<testsuite hostname="ITINBAC-DW0384" failures="0" tests="1" name="com.pst.api.test.automation.OPExternalUpdateAPITest" time="4.023" errors="0" timestamp="2021-09-06T23:15:17 PDT" skipped="0">
  <testcase classname="com.pst.api.test.automation.OPExternalUpdateAPITest" name="testExternalUpdateAPI" time="4.023"/>
  <system-out/>
</testsuite> <!-- com.pst.api.test.automation.OPExternalUpdateAPITest -->
