<?xml version="1.0" encoding="UTF-8"?>
<!-- Generated by org.testng.reporters.JUnitReportReporter -->
<testsuite hostname="ITINBAC-DW0384" failures="0" tests="1" name="com.pst.api.test.automation.OPExternalSubmitAPITest" time="13.318" errors="0" timestamp="2021-09-06T23:25:20 PDT" skipped="0">
  <testcase classname="com.pst.api.test.automation.OPExternalSubmitAPITest" name="testExternalSubmitAPI" time="13.318"/>
  <system-out/>
</testsuite> <!-- com.pst.api.test.automation.OPExternalSubmitAPITest -->
